<?xml version="1.0" encoding="UTF-8"?>
<!-- Generated by org.testng.reporters.JUnitXMLReporter -->
<testsuite hostname="DESKTOP-O2K3836" ignored="0" name="Default test" tests="1" failures="1" timestamp="08 Oct 2020 04:13:01 GMT" time="4.209" errors="0">
  <testcase name="runScenario" time="3.135" classname="io.cucumber.testng.AbstractTestNGCucumberTests">
    <failure type="org.openqa.selenium.SessionNotCreatedException" message="session not created: This version of ChromeDriver only supports Chrome version 84
Build info: version: &amp;apos;3.141.59&amp;apos;, revision: &amp;apos;e82be7d358&amp;apos;, time: &amp;apos;2018-11-14T08:17:03&amp;apos;
System info: host: &amp;apos;DESKTOP-O2K3836&amp;apos;, ip: &amp;apos;192.168.0.101&amp;apos;, os.name: &amp;apos;Windows 10&amp;apos;, os.arch: &amp;apos;amd64&amp;apos;, os.version: &amp;apos;10.0&amp;apos;, java.version: &amp;apos;1.8.0_251&amp;apos;
Driver info: driver.version: ChromeDriver
remote stacktrace: Backtrace:
	Ordinal0 [0x006187E3+2852835]
	Ordinal0 [0x00505BB1+1727409]
	Ordinal0 [0x003DE4B9+517305]
	Ordinal0 [0x00370BA0+68512]
	Ordinal0 [0x0036D3A0+54176]
	Ordinal0 [0x0038D9F7+186871]
	Ordinal0 [0x0038D7FD+186365]
	Ordinal0 [0x0038B70B+177931]
	Ordinal0 [0x00372584+75140]
	Ordinal0 [0x00373650+79440]
	Ordinal0 [0x003735E9+79337]
	Ordinal0 [0x0051AD5C+1813852]
	GetHandleVerifier [0x0073C616+1075574]
	GetHandleVerifier [0x0073C367+1074887]
	GetHandleVerifier [0x00747497+1120247]
	GetHandleVerifier [0x0073CC16+1077110]
	Ordinal0 [0x00513206+1782278]
	Ordinal0 [0x0051C3BB+1819579]
	Ordinal0 [0x0051C523+1819939]
	Ordinal0 [0x00532B45+1911621]
	BaseThreadInitThunk [0x76156359+25]
	RtlGetAppContainerNamedObjectPath [0x77DE7C24+228]
	RtlGetAppContainerNamedObjectPath [0x77DE7BF4+180]
">
      <![CDATA[org.openqa.selenium.SessionNotCreatedException: session not created: This version of ChromeDriver only supports Chrome version 84
Build info: version: '3.141.59', revision: 'e82be7d358', time: '2018-11-14T08:17:03'
System info: host: 'DESKTOP-O2K3836', ip: '192.168.0.101', os.name: 'Windows 10', os.arch: 'amd64', os.version: '10.0', java.version: '1.8.0_251'
Driver info: driver.version: ChromeDriver
remote stacktrace: Backtrace:
Ordinal0 [0x006187E3+2852835]
Ordinal0 [0x00505BB1+1727409]
Ordinal0 [0x003DE4B9+517305]
Ordinal0 [0x00370BA0+68512]
Ordinal0 [0x0036D3A0+54176]
Ordinal0 [0x0038D9F7+186871]
Ordinal0 [0x0038D7FD+186365]
Ordinal0 [0x0038B70B+177931]
Ordinal0 [0x00372584+75140]
Ordinal0 [0x00373650+79440]
Ordinal0 [0x003735E9+79337]
Ordinal0 [0x0051AD5C+1813852]
GetHandleVerifier [0x0073C616+1075574]
GetHandleVerifier [0x0073C367+1074887]
GetHandleVerifier [0x00747497+1120247]
GetHandleVerifier [0x0073CC16+1077110]
Ordinal0 [0x00513206+1782278]
Ordinal0 [0x0051C3BB+1819579]
Ordinal0 [0x0051C523+1819939]
Ordinal0 [0x00532B45+1911621]
BaseThreadInitThunk [0x76156359+25]
RtlGetAppContainerNamedObjectPath [0x77DE7C24+228]
RtlGetAppContainerNamedObjectPath [0x77DE7BF4+180]

at sun.reflect.NativeConstructorAccessorImpl.newInstance0(Native Method)
at sun.reflect.NativeConstructorAccessorImpl.newInstance(Unknown Source)
at sun.reflect.DelegatingConstructorAccessorImpl.newInstance(Unknown Source)
at java.lang.reflect.Constructor.newInstance(Unknown Source)
at org.openqa.selenium.remote.W3CHandshakeResponse.lambda$errorHandler$0(W3CHandshakeResponse.java:62)
at org.openqa.selenium.remote.HandshakeResponse.lambda$getResponseFunction$0(HandshakeResponse.java:30)
at org.openqa.selenium.remote.ProtocolHandshake.lambda$createSession$0(ProtocolHandshake.java:126)
at java.util.stream.ReferencePipeline$3$1.accept(Unknown Source)
at java.util.Spliterators$ArraySpliterator.tryAdvance(Unknown Source)
at java.util.stream.ReferencePipeline.forEachWithCancel(Unknown Source)
at java.util.stream.AbstractPipeline.copyIntoWithCancel(Unknown Source)
at java.util.stream.AbstractPipeline.copyInto(Unknown Source)
at java.util.stream.AbstractPipeline.wrapAndCopyInto(Unknown Source)
at java.util.stream.FindOps$FindOp.evaluateSequential(Unknown Source)
at java.util.stream.AbstractPipeline.evaluate(Unknown Source)
at java.util.stream.ReferencePipeline.findFirst(Unknown Source)
at org.openqa.selenium.remote.ProtocolHandshake.createSession(ProtocolHandshake.java:128)
at org.openqa.selenium.remote.ProtocolHandshake.createSession(ProtocolHandshake.java:74)
at org.openqa.selenium.remote.HttpCommandExecutor.execute(HttpCommandExecutor.java:136)
at org.openqa.selenium.remote.service.DriverCommandExecutor.execute(DriverCommandExecutor.java:83)
at org.openqa.selenium.remote.RemoteWebDriver.execute(RemoteWebDriver.java:552)
at org.openqa.selenium.remote.RemoteWebDriver.startSession(RemoteWebDriver.java:213)
at org.openqa.selenium.remote.RemoteWebDriver.<init>(RemoteWebDriver.java:131)
at org.openqa.selenium.chrome.ChromeDriver.<init>(ChromeDriver.java:181)
at org.openqa.selenium.chrome.ChromeDriver.<init>(ChromeDriver.java:168)
at org.openqa.selenium.chrome.ChromeDriver.<init>(ChromeDriver.java:157)
at StepDefinationPkg.StepDefination.launch_the_browser_and_application(StepDefination.java:33)
at âœ½.launch the browser and application(file:///E:/Automation%20testing/Selenium_Workspace/WhiteBoxBI/src/test/java/feature/Scenario.feature:3)
]]>
    </failure>
  </testcase> <!-- runScenario -->
</testsuite> <!-- Default test -->
